Scenario - feedback on ball movement judgment
Logfile written - 31.01.2005 11:40:16
age:   --   sex:  m  handedness:   r

Trial	Event Type	Code	Time	TTime	Uncertainty	Duration	Uncertainty	ReqTime	ReqDur

1	Picture	wait_for_start_trigger	-9831	0	1	9963	2	0	next
1	Pulse	255	0	9831	NA
2	Nothing	trigger_no: 1	0	0	1			0
3	Picture	initial_fix: 10000	132	10	1	9963	2	10	next
3	Pulse	255	10000	9878	NA
4	Nothing	trigger_no: 2	10001	0	1			0
5	Picture	fix	10095	10	1	90008	3	10	next
5	Pulse	255	20000	9915	NA
5	Pulse	255	30000	19915	NA
5	Pulse	255	40000	29915	NA
5	Pulse	255	50000	39915	NA
5	Pulse	255	60000	49915	NA
5	Pulse	255	70000	59915	NA
5	Pulse	255	80000	69915	NA
5	Pulse	255	90000	79915	NA
5	Pulse	255	100000	89915	NA
6	Nothing	trigger_no: 11	100001	0	1			0
7	Picture	fix: 3850	100103	10	2	38672	3	10	38500
7	Pulse	255	110000	9907	NA
7	Pulse	255	120000	19907	NA
7	Pulse	255	130000	29907	NA
8	Nothing	td: 300	138778	0	1			0
9	Nothing	v1st: 1,00234375 v2nd: 0,856159678069346	138779	0	1			0
10	Nothing	p1st: -289,009094238281 p2nd: -430,7861328125	138780	0	1			0
11	Nothing	td_avr: 300 err: 0	138781	0	1			0
12	Pulse	255	140000	1066	NA
14	Picture	ball1	142321	10	1	169	2	10	next
60	Pulse	255	150000	-79	NA
113	Picture	question	159039	10	2	5067	3	10	15000
113	Pulse	255	160000	971	NA
113	Response	2	163989	4960	2
114	Pulse	255	170000	5795	NA
114	Picture	correct	171705	7500	1	10132	2	7500	10000
114	Pulse	255	180000	15795	NA
115	Picture	fix	182006	10	1	8106	2	10	next
115	Pulse	255	190000	8004	NA
116	Nothing	trigger_no: 20	190001	0	1			0
117	Picture	fix: 3900	190112	10	1	39009	2	10	39000
117	Pulse	255	200000	9898	NA
117	Pulse	255	210000	19898	NA
117	Pulse	255	220000	29898	NA
118	Nothing	td: 270	229124	0	1			0
119	Nothing	v1st: 0,90390625 v2nd: 0,578776698343723	229125	0	1			0
120	Nothing	p1st: -488,380432128906 p2nd: -289,1357421875	229126	0	1			0
121	Nothing	td_avr: 285 err: 0	229127	0	1			0
122	Pulse	255	230000	720	NA
124	Picture	ball1	232667	10	2	169	3	10	next
168	Pulse	255	240000	-88	NA
223	Picture	question	249386	10	1	4897	2	10	15000
223	Pulse	255	250000	624	NA
223	Response	1	254134	4758	3
224	Pulse	255	260000	5618	NA
224	Picture	error	261882	7500	1	10132	3	7500	10000
224	Pulse	255	270000	15618	NA
225	Picture	fix	272183	10	1	7937	2	10	next
225	Pulse	255	280000	7827	NA
226	Nothing	trigger_no: 29	280001	0	1			0
227	Picture	fix: 3950	280120	10	1	34754	2	10	39500
227	Pulse	255	290000	9890	NA
227	Quit		297865	17755	
